<?xml version="1.0" encoding="UTF-8"?>
<!-- Generated by org.testng.reporters.JUnitXMLReporter -->
<testsuite hostname="oracledatabase12c" ignored="0" name="Surefire test" tests="1" failures="1" timestamp="12 set 2017 17:20:48 GMT" time="1.369" errors="0">
  <testcase name="soapJMSMaxEaiOk" time="1.34" classname="com.gema.testjms.SoapJMS_MaxEai_TEST">
    <failure type="com.consol.citrus.exceptions.TestCaseFailedException" message="Test case failed">
      <![CDATA[com.consol.citrus.exceptions.TestCaseFailedException: Test case failed
	at com.consol.citrus.TestCase.executeAction(TestCase.java:236)
	at com.consol.citrus.TestCase.doExecute(TestCase.java:145)
	at com.consol.citrus.actions.AbstractTestAction.execute(AbstractTestAction.java:42)
	at com.consol.citrus.Citrus.run(Citrus.java:281)
	at com.consol.citrus.testng.AbstractTestNGCitrusTest.run(AbstractTestNGCitrusTest.java:112)
	at com.consol.citrus.testng.AbstractTestNGCitrusTest.run(AbstractTestNGCitrusTest.java:69)
Caused by: com.consol.citrus.exceptions.ValidationException: Validation failed: Element names not equal, expected 'workDetails' but was 'Fault'
	at com.consol.citrus.validation.xml.DomXmlMessageValidator.validateMessage(DomXmlMessageValidator.java:115)
	at com.consol.citrus.validation.xml.DomXmlMessageValidator.validateMessage(DomXmlMessageValidator.java:68)
	at com.consol.citrus.validation.AbstractMessageValidator.validateMessage(AbstractMessageValidator.java:46)
	at com.consol.citrus.actions.ReceiveMessageAction.validateMessage(ReceiveMessageAction.java:236)
	at com.consol.citrus.ws.actions.ReceiveSoapMessageAction.validateMessage(ReceiveSoapMessageAction.java:57)
	at com.consol.citrus.actions.ReceiveMessageAction.doExecute(ReceiveMessageAction.java:137)
	at com.consol.citrus.actions.AbstractTestAction.execute(AbstractTestAction.java:42)
	at com.consol.citrus.TestCase.executeAction(TestCase.java:229)
	... 30 more
Caused by: java.lang.IllegalArgumentException: Element names not equal, expected 'workDetails' but was 'Fault'
	at org.springframework.util.Assert.isTrue(Assert.java:92)
	at com.consol.citrus.validation.xml.DomXmlMessageValidator.doElementNameValidation(DomXmlMessageValidator.java:292)
	at com.consol.citrus.validation.xml.DomXmlMessageValidator.doElement(DomXmlMessageValidator.java:490)
	at com.consol.citrus.validation.xml.DomXmlMessageValidator.validateXmlTree(DomXmlMessageValidator.java:409)
	at com.consol.citrus.validation.xml.DomXmlMessageValidator.validateXmlTree(DomXmlMessageValidator.java:405)
	at com.consol.citrus.validation.xml.DomXmlMessageValidator.validateMessageContent(DomXmlMessageValidator.java:360)
	at com.consol.citrus.validation.xml.DomXmlMessageValidator.validateMessage(DomXmlMessageValidator.java:96)
	... 37 more
... Removed 25 stack frames]]>
    </failure>
  </testcase> <!-- soapJMSMaxEaiOk -->
</testsuite> <!-- Surefire test -->
