-------------------------------------------------------------------------------
Test set: com.gema.testjms.HelloService_Ok_IT
-------------------------------------------------------------------------------
Tests run: 3, Failures: 2, Errors: 0, Skipped: 1, Time elapsed: 2.069 s <<< FAILURE! - in com.gema.testjms.HelloService_Ok_IT
beforeSuite(com.gema.testjms.HelloService_Ok_IT)  Time elapsed: 1.64 s  <<< FAILURE!
java.lang.IllegalStateException: Failed to load ApplicationContext
Caused by: org.springframework.beans.factory.UnsatisfiedDependencyException: Error creating bean with name 'defaultXmlMessageValidator': Unsatisfied dependency expressed through field 'schemaRepositories'; nested exception is org.springframework.beans.factory.BeanCreationException: Error creating bean with name 'schemaRepository': Cannot resolve reference to bean 'ServiceWsdl' while setting bean property 'schemas' with key [0]; nested exception is org.springframework.beans.factory.BeanCreationException: Error creating bean with name 'ServiceWsdl': Invocation of init method failed; nested exception is java.lang.IllegalArgumentException: wsdl file resource 'class path resource [schemas/getResponseConcrete_Text.wsdl] does not exist
Caused by: org.springframework.beans.factory.BeanCreationException: Error creating bean with name 'schemaRepository': Cannot resolve reference to bean 'ServiceWsdl' while setting bean property 'schemas' with key [0]; nested exception is org.springframework.beans.factory.BeanCreationException: Error creating bean with name 'ServiceWsdl': Invocation of init method failed; nested exception is java.lang.IllegalArgumentException: wsdl file resource 'class path resource [schemas/getResponseConcrete_Text.wsdl] does not exist
Caused by: org.springframework.beans.factory.BeanCreationException: Error creating bean with name 'ServiceWsdl': Invocation of init method failed; nested exception is java.lang.IllegalArgumentException: wsdl file resource 'class path resource [schemas/getResponseConcrete_Text.wsdl] does not exist
Caused by: java.lang.IllegalArgumentException: wsdl file resource 'class path resource [schemas/getResponseConcrete_Text.wsdl] does not exist

springTestContextPrepareTestInstance(com.gema.testjms.HelloService_Ok_IT)  Time elapsed: 1.908 s  <<< FAILURE!
java.lang.IllegalStateException: Failed to load ApplicationContext
Caused by: org.springframework.beans.factory.UnsatisfiedDependencyException: Error creating bean with name 'defaultXmlMessageValidator': Unsatisfied dependency expressed through field 'schemaRepositories'; nested exception is org.springframework.beans.factory.BeanCreationException: Error creating bean with name 'schemaRepository': Cannot resolve reference to bean 'ServiceWsdl' while setting bean property 'schemas' with key [0]; nested exception is org.springframework.beans.factory.BeanCreationException: Error creating bean with name 'ServiceWsdl': Invocation of init method failed; nested exception is java.lang.IllegalArgumentException: wsdl file resource 'class path resource [schemas/getResponseConcrete_Text.wsdl] does not exist
Caused by: org.springframework.beans.factory.BeanCreationException: Error creating bean with name 'schemaRepository': Cannot resolve reference to bean 'ServiceWsdl' while setting bean property 'schemas' with key [0]; nested exception is org.springframework.beans.factory.BeanCreationException: Error creating bean with name 'ServiceWsdl': Invocation of init method failed; nested exception is java.lang.IllegalArgumentException: wsdl file resource 'class path resource [schemas/getResponseConcrete_Text.wsdl] does not exist
Caused by: org.springframework.beans.factory.BeanCreationException: Error creating bean with name 'ServiceWsdl': Invocation of init method failed; nested exception is java.lang.IllegalArgumentException: wsdl file resource 'class path resource [schemas/getResponseConcrete_Text.wsdl] does not exist
Caused by: java.lang.IllegalArgumentException: wsdl file resource 'class path resource [schemas/getResponseConcrete_Text.wsdl] does not exist

