<?xml version="1.0" encoding="UTF-8"?>
<!-- Generated by org.testng.reporters.JUnitXMLReporter -->
<testsuite hostname="localhost.localdomain" ignored="0" name="Surefire test" tests="1" failures="1" timestamp="14 Sep 2017 07:44:43 GMT" time="0.303" errors="0">
  <testcase name="soapJMSMaxEaiOk" time="0.282" classname="com.gema.testjms.SoapJMS_MaxEai_TEST">
    <failure type="com.consol.citrus.exceptions.TestCaseFailedException" message="Test case failed">
      <![CDATA[com.consol.citrus.exceptions.TestCaseFailedException: Test case failed
	at com.consol.citrus.TestCase.executeAction(TestCase.java:236)
	at com.consol.citrus.TestCase.doExecute(TestCase.java:145)
	at com.consol.citrus.actions.AbstractTestAction.execute(AbstractTestAction.java:42)
	at com.consol.citrus.Citrus.run(Citrus.java:281)
	at com.consol.citrus.testng.AbstractTestNGCitrusTest.run(AbstractTestNGCitrusTest.java:112)
	at com.consol.citrus.testng.AbstractTestNGCitrusTest.run(AbstractTestNGCitrusTest.java:69)
Caused by: com.consol.citrus.exceptions.CitrusRuntimeException: javax.jms.JMSSecurityException: authentication failed
	at com.consol.citrus.jms.endpoint.JmsSyncProducer.send(JmsSyncProducer.java:147)
	at com.consol.citrus.actions.SendMessageAction.doExecute(SendMessageAction.java:118)
	at com.consol.citrus.actions.AbstractTestAction.execute(AbstractTestAction.java:42)
	at com.consol.citrus.TestCase.executeAction(TestCase.java:229)
	... 30 more
Caused by: javax.jms.JMSSecurityException: authentication failed
	at com.tibco.tibjms.Tibjmsx.buildException(Tibjmsx.java:741)
	at com.tibco.tibjms.TibjmsConnection._create(TibjmsConnection.java:1404)
	at com.tibco.tibjms.TibjmsConnection.<init>(TibjmsConnection.java:4333)
	at com.tibco.tibjms.TibjmsxCFImpl._createImpl(TibjmsxCFImpl.java:209)
	at com.tibco.tibjms.TibjmsxCFImpl._createConnection(TibjmsxCFImpl.java:253)
	at com.tibco.tibjms.TibjmsConnectionFactory.createConnection(TibjmsConnectionFactory.java:39)
	at com.consol.citrus.jms.endpoint.JmsSyncProducer.createConnection(JmsSyncProducer.java:199)
	at com.consol.citrus.jms.endpoint.JmsSyncProducer.send(JmsSyncProducer.java:84)
	... 33 more
... Removed 25 stack frames]]>
    </failure>
  </testcase> <!-- soapJMSMaxEaiOk -->
</testsuite> <!-- Surefire test -->
