-------------------------------------------------------------------------------
Test set: com.gema.testjms.SoapJMS_MaxEai_TEST
-------------------------------------------------------------------------------
Tests run: 1, Failures: 1, Errors: 0, Skipped: 0, Time elapsed: 2.578 s <<< FAILURE! - in com.gema.testjms.SoapJMS_MaxEai_TEST
soapJMSMaxEaiOk(com.gema.testjms.SoapJMS_MaxEai_TEST)  Time elapsed: 0.298 s  <<< FAILURE!
com.consol.citrus.exceptions.TestCaseFailedException: Test case failed
Caused by: com.consol.citrus.exceptions.CitrusRuntimeException: javax.jms.JMSSecurityException: authentication failed
Caused by: javax.jms.JMSSecurityException: authentication failed

